('int', -1)
('id', 0)
(';', -1)
('input', -1)
('id', 0)
(';', -1)
('list', -1)
('id', 1)
(';', -1)
('int', -1)
('id', 2)
('=', -1)
('const', 0)
(';', -1)
('int', -1)
('id', 3)
(';', -1)
('for', -1)
('(', -1)
('id', 3)
('=', -1)
('const', 0)
(';', -1)
('id', 3)
('<', -1)
('id', 0)
(';', -1)
('id', 3)
('=', -1)
('id', 3)
('+', -1)
('const', 1)
(')', -1)
('{', -1)
('input', -1)
('id', 1)
('[', -1)
('id', 3)
(']', -1)
(';', -1)
('}', -1)
(';', -1)
('for', -1)
('(', -1)
('id', 3)
('=', -1)
('const', 0)
(';', -1)
('id', 3)
('<', -1)
('id', 0)
(';', -1)
('id', 3)
('=', -1)
('id', 3)
('+', -1)
('const', 1)
(')', -1)
('{', -1)
('id', 2)
('=', -1)
('id', 2)
('+', -1)
('id', 1)
('[', -1)
('id', 3)
(']', -1)
(';', -1)
('}', -1)
(';', -1)
('id', 2)
('=', -1)
('id', 2)
('/', -1)
('id', 0)
(';', -1)
('print', -1)
('id', 2)
(';', -1)